2022-07-08 06:06:21.036	     0x10dd3e600	INFO	logging	contrib/epee/src/mlog.cpp:263	New log categories: *:WARNING,net:FATAL,net.http:FATAL,net.p2p:FATAL,net.cn:FATAL,global:INFO,verify:FATAL,serialization:FATAL,logging:INFO,msgwriter:INFO
2022-07-08 06:06:21.036	     0x10dd3e600	INFO	logging	contrib/epee/src/mlog.cpp:263	New log categories: *:WARNING,net:FATAL,net.http:FATAL,net.p2p:FATAL,net.cn:FATAL,global:INFO,verify:FATAL,serialization:FATAL,logging:INFO,msgwriter:INFO
2022-07-08 06:06:21.036	     0x10dd3e600	ERROR	wallet.rpc	src/wallet/wallet_rpc_server.cpp:3550	Wallet initialization failed: Must specify --wallet-file or --generate-from-json or --wallet-dir
2022-07-08 06:07:03.189	     0x118af3600	INFO	logging	contrib/epee/src/mlog.cpp:263	New log categories: *:WARNING,net:FATAL,net.http:FATAL,net.p2p:FATAL,net.cn:FATAL,global:INFO,verify:FATAL,serialization:FATAL,logging:INFO,msgwriter:INFO
2022-07-08 06:07:03.189	     0x118af3600	INFO	logging	contrib/epee/src/mlog.cpp:263	New log categories: *:WARNING,net:FATAL,net.http:FATAL,net.p2p:FATAL,net.cn:FATAL,global:INFO,verify:FATAL,serialization:FATAL,logging:INFO,msgwriter:INFO
2022-07-08 06:07:03.190	     0x118af3600	WARNING	wallet.rpc	src/wallet/wallet_rpc_server.cpp:3563	Starting wallet RPC server
2022-07-08 06:09:48.048	  0x7000069d1000	WARNING	default	src/mnemonics/language_base.h:197	Español word 'asa' is shorter than its prefix length, 4
2022-07-08 06:09:48.049	  0x7000069d1000	WARNING	default	src/mnemonics/language_base.h:197	Español word 'ave' is shorter than its prefix length, 4
2022-07-08 06:09:48.050	  0x7000069d1000	WARNING	default	src/mnemonics/language_base.h:197	Español word 'boa' is shorter than its prefix length, 4
2022-07-08 06:09:48.052	  0x7000069d1000	WARNING	default	src/mnemonics/language_base.h:197	Español word 'cal' is shorter than its prefix length, 4
2022-07-08 06:09:48.055	  0x7000069d1000	WARNING	default	src/mnemonics/language_base.h:197	Español word 'dar' is shorter than its prefix length, 4
2022-07-08 06:09:48.056	  0x7000069d1000	WARNING	default	src/mnemonics/language_base.h:197	Español word 'don' is shorter than its prefix length, 4
2022-07-08 06:09:48.056	  0x7000069d1000	WARNING	default	src/mnemonics/language_base.h:197	Español word 'dos' is shorter than its prefix length, 4
2022-07-08 06:09:48.056	  0x7000069d1000	WARNING	default	src/mnemonics/language_base.h:197	Español word 'eco' is shorter than its prefix length, 4
2022-07-08 06:09:48.056	  0x7000069d1000	WARNING	default	src/mnemonics/language_base.h:197	Español word 'eje' is shorter than its prefix length, 4
2022-07-08 06:09:48.057	  0x7000069d1000	WARNING	default	src/mnemonics/language_base.h:197	Español word 'fax' is shorter than its prefix length, 4
2022-07-08 06:09:48.057	  0x7000069d1000	WARNING	default	src/mnemonics/language_base.h:197	Español word 'feo' is shorter than its prefix length, 4
2022-07-08 06:09:48.058	  0x7000069d1000	WARNING	default	src/mnemonics/language_base.h:197	Español word 'fin' is shorter than its prefix length, 4
2022-07-08 06:09:48.059	  0x7000069d1000	WARNING	default	src/mnemonics/language_base.h:197	Español word 'gen' is shorter than its prefix length, 4
2022-07-08 06:09:48.060	  0x7000069d1000	WARNING	default	src/mnemonics/language_base.h:197	Español word 'gol' is shorter than its prefix length, 4
2022-07-08 06:09:48.060	  0x7000069d1000	WARNING	default	src/mnemonics/language_base.h:197	Español word 'haz' is shorter than its prefix length, 4
2022-07-08 06:09:48.061	  0x7000069d1000	WARNING	default	src/mnemonics/language_base.h:197	Español word 'ira' is shorter than its prefix length, 4
2022-07-08 06:09:48.063	  0x7000069d1000	WARNING	default	src/mnemonics/language_base.h:197	Español word 'luz' is shorter than its prefix length, 4
2022-07-08 06:09:48.063	  0x7000069d1000	WARNING	default	src/mnemonics/language_base.h:197	Español word 'mar' is shorter than its prefix length, 4
2022-07-08 06:09:48.064	  0x7000069d1000	WARNING	default	src/mnemonics/language_base.h:197	Español word 'mes' is shorter than its prefix length, 4
2022-07-08 06:09:48.064	  0x7000069d1000	WARNING	default	src/mnemonics/language_base.h:197	Español word 'mil' is shorter than its prefix length, 4
2022-07-08 06:09:48.065	  0x7000069d1000	WARNING	default	src/mnemonics/language_base.h:197	Español word 'oca' is shorter than its prefix length, 4
2022-07-08 06:09:48.065	  0x7000069d1000	WARNING	default	src/mnemonics/language_base.h:197	Español word 'ojo' is shorter than its prefix length, 4
2022-07-08 06:09:48.065	  0x7000069d1000	WARNING	default	src/mnemonics/language_base.h:197	Español word 'ola' is shorter than its prefix length, 4
2022-07-08 06:09:48.066	  0x7000069d1000	WARNING	default	src/mnemonics/language_base.h:197	Español word 'oro' is shorter than its prefix length, 4
2022-07-08 06:09:48.066	  0x7000069d1000	WARNING	default	src/mnemonics/language_base.h:197	Español word 'oso' is shorter than its prefix length, 4
2022-07-08 06:09:48.066	  0x7000069d1000	WARNING	default	src/mnemonics/language_base.h:197	Español word 'pan' is shorter than its prefix length, 4
2022-07-08 06:09:48.067	  0x7000069d1000	WARNING	default	src/mnemonics/language_base.h:197	Español word 'pez' is shorter than its prefix length, 4
2022-07-08 06:09:48.068	  0x7000069d1000	WARNING	default	src/mnemonics/language_base.h:197	Español word 'pie' is shorter than its prefix length, 4
2022-07-08 06:09:48.070	  0x7000069d1000	WARNING	default	src/mnemonics/language_base.h:197	Español word 'red' is shorter than its prefix length, 4
2022-07-08 06:09:48.073	  0x7000069d1000	WARNING	default	src/mnemonics/language_base.h:197	Español word 'res' is shorter than its prefix length, 4
2022-07-08 06:09:48.073	  0x7000069d1000	WARNING	default	src/mnemonics/language_base.h:197	Español word 'rey' is shorter than its prefix length, 4
2022-07-08 06:10:34.998	     0x118af3600	WARNING	wallet.rpc	src/wallet/wallet_rpc_server.cpp:3559	Shutting down...
2022-07-08 06:10:35.043	     0x118af3600	INFO	global	src/wallet/wallet_rpc_server.cpp:412	Stopping wallet rpc server
2022-07-08 06:10:35.167	     0x118af3600	WARNING	wallet.rpc	src/wallet/wallet_rpc_server.cpp:3559	Shutting down...
2022-07-08 06:10:35.323	     0x118af3600	WARNING	wallet.rpc	src/wallet/wallet_rpc_server.cpp:3559	Shutting down...
2022-07-08 06:10:35.359	     0x118af3600	INFO	global	src/wallet/wallet_rpc_server.cpp:424	Storing wallet...
2022-07-08 06:10:35.359	     0x118af3600	INFO	global	src/wallet/wallet_rpc_server.cpp:427	Wallet stopped.
2022-07-08 06:10:35.359	     0x118af3600	WARNING	wallet.rpc	src/wallet/wallet_rpc_server.cpp:3573	Stopped wallet RPC server
